<?xml version="1.0" encoding="UTF-8"?>
<testsuites name="Smoke" time="22.093" tests="1" failures="0" errors="0">
   <testsuite name="Smoke" tests="1" failures="0" errors="0" time="22.093" skipped="0" timestamp="2021-07-06 16:37:21" hostname="Siarhei.Paulovich - wsa-112-11.icx.local" id="Test Suites/Smoke">
      <properties>
         <property name="deviceName" value=""/>
         <property name="devicePlatform" value=""/>
         <property name="logFolder" value="D:\\KatalonProjects\\OnlinerTest\\KatalonStudio\\Reports\\20210706_163708\\Smoke\\20210706_163709"/>
         <property name="logFiles" value="D:\\KatalonProjects\\OnlinerTest\\KatalonStudio\\Reports\\20210706_163708\\Smoke\\20210706_163709\\execution0.log"/>
         <property name="attachments" value=""/>
         <property name="hostName" value="Siarhei.Paulovich - wsa-112-11.icx.local"/>
         <property name="os" value="Windows 10 64bit"/>
         <property name="katalonVersion" value="8.0.5.208"/>
         <property name="browser" value="Chrome 91.0.4472.114"/>
         <property name="hostAddress" value="192.168.118.1"/>
         <property name="sessionId" value="dd5a8f34c815e2515f04ee0beaf76da6"/>
         <property name="seleniumVersion" value="3.141.59"/>
         <property name="proxyInformation" value="ProxyInformation { proxyOption=NO_PROXY, proxyServerType=HTTP, username=, password=********, proxyServerAddress=, proxyServerPort=0, executionList=&quot;&quot;, isApplyToDesiredCapabilities=true }"/>
         <property name="platform" value="Windows 10"/>
      </properties>
      <testcase name="Test Cases/Onliner" time="20.956" classname="Test Cases/Onliner" status="PASSED">
         <system-out><![CDATA[2021-07-06 16:37:21 - [TEST_CASE][PASSED] - Test Cases/Onliner: Test Cases/Onliner

2021-07-06 16:37:21 - [TEST_STEP][PASSED] - Start setup action : setupTestCase: Method 'setupTestCase' complete successfully

2021-07-06 16:37:21 - [TEST_STEP][PASSED] - openBrowser(""): Browser is opened with url: ''

2021-07-06 16:37:21 - [MESSAGE][INFO] - Starting 'Chrome' driver

2021-07-06 16:37:22 - [MESSAGE][INFO] - Action delay is set to 0 milliseconds

2021-07-06 16:37:23 - [MESSAGE][PASSED] - Browser is opened with url: ''

2021-07-06 16:37:23 - [TEST_STEP][PASSED] - maximizeWindow(): Current window maximized

2021-07-06 16:37:23 - [MESSAGE][PASSED] - Current window maximized

2021-07-06 16:37:23 - [MESSAGE][PASSED] - Method 'setupTestCase' complete successfully

2021-07-06 16:37:24 - [TEST_STEP][PASSED] - navigateToUrl(baseURL): Navigate to 'https://www.onliner.by/' successfully

2021-07-06 16:37:30 - [MESSAGE][PASSED] - Navigate to 'https://www.onliner.by/' successfully

2021-07-06 16:37:30 - [TEST_STEP][PASSED] - click(findTestObject("Page_Onliner/HomePage/catalogMenuButton")): Object: 'Object Repository/Page_Onliner/HomePage/catalogMenuButton' is clicked on

2021-07-06 16:37:33 - [MESSAGE][PASSED] - Object: 'Object Repository/Page_Onliner/HomePage/catalogMenuButton' is clicked on

2021-07-06 16:37:33 - [TEST_STEP][PASSED] - click(findTestObject("Page_Onliner/CatalogPage/electronicsMenuButton")): Object: 'Object Repository/Page_Onliner/CatalogPage/electronicsMenuButton' is clicked on

2021-07-06 16:37:34 - [MESSAGE][PASSED] - Object: 'Object Repository/Page_Onliner/CatalogPage/electronicsMenuButton' is clicked on

2021-07-06 16:37:34 - [TEST_STEP][PASSED] - mouseOver(findTestObject("Page_Onliner/CatalogPage/tvVideoButton")): Object: 'Object Repository/Page_Onliner/CatalogPage/tvVideoButton' is hovered

2021-07-06 16:37:34 - [MESSAGE][PASSED] - Object: 'Object Repository/Page_Onliner/CatalogPage/tvVideoButton' is hovered

2021-07-06 16:37:34 - [TEST_STEP][PASSED] - click(findTestObject("Page_Onliner/CatalogPage/televisionsMenuButton")): Object: 'Object Repository/Page_Onliner/CatalogPage/televisionsMenuButton' is clicked on

2021-07-06 16:37:38 - [MESSAGE][PASSED] - Object: 'Object Repository/Page_Onliner/CatalogPage/televisionsMenuButton' is clicked on

2021-07-06 16:37:38 - [TEST_STEP][PASSED] - click(findTestObject("Page_Onliner/CatalogPage/samsungItem")): Object: 'Object Repository/Page_Onliner/CatalogPage/samsungItem' is clicked on

2021-07-06 16:37:39 - [MESSAGE][PASSED] - Object: 'Object Repository/Page_Onliner/CatalogPage/samsungItem' is clicked on

2021-07-06 16:37:39 - [TEST_STEP][PASSED] - onliner.NumberElements.checkNumberElements(productsPerPage): onliner.NumberElements.checkNumberElements is PASSED

2021-07-06 16:37:41 - [MESSAGE][PASSED] - onliner.NumberElements.checkNumberElements is PASSED

2021-07-06 16:37:41 - [TEST_STEP][PASSED] - onliner.ProductsName.checkProductsName("Samsung"): onliner.ProductsName.checkProductsName is PASSED

2021-07-06 16:37:42 - [MESSAGE][PASSED] - onliner.ProductsName.checkProductsName is PASSED]]></system-out>
         <system-err><![CDATA[]]></system-err>
      </testcase>
      <system-out><![CDATA[2021-07-06 16:37:21 - [TEST_SUITE][PASSED] - Smoke: Test Cases/Onliner]]></system-out>
      <system-err><![CDATA[]]></system-err>
   </testsuite>
</testsuites>
