<?xml version="1.0" encoding="UTF-8"?>
<testsuites name="Smoke" time="58.696" tests="1" failures="0" errors="0">
   <testsuite name="Smoke" tests="1" failures="0" errors="0" time="58.696" skipped="0" timestamp="2021-07-06 16:47:25" hostname="Siarhei.Paulovich - wsa-112-11.icx.local" id="Test Suites/Smoke">
      <properties>
         <property name="deviceName" value=""/>
         <property name="devicePlatform" value=""/>
         <property name="logFolder" value="D:\\KatalonProjects\\OnlinerTest\\KatalonStudio\\Reports\\20210706_164715\\Smoke\\20210706_164715"/>
         <property name="logFiles" value="D:\\KatalonProjects\\OnlinerTest\\KatalonStudio\\Reports\\20210706_164715\\Smoke\\20210706_164715\\execution0.log"/>
         <property name="attachments" value=""/>
         <property name="hostName" value="Siarhei.Paulovich - wsa-112-11.icx.local"/>
         <property name="os" value="Windows 10 64bit"/>
         <property name="katalonVersion" value="8.0.5.208"/>
         <property name="browser" value="Chrome 91.0.4472.114"/>
         <property name="hostAddress" value="192.168.118.1"/>
         <property name="sessionId" value="3ccf54b30b7b46d1d029808e87151ef5"/>
         <property name="seleniumVersion" value="3.141.59"/>
         <property name="proxyInformation" value="ProxyInformation { proxyOption=NO_PROXY, proxyServerType=HTTP, username=, password=********, proxyServerAddress=, proxyServerPort=0, executionList=&quot;&quot;, isApplyToDesiredCapabilities=true }"/>
         <property name="platform" value="Windows 10"/>
      </properties>
      <testcase name="Test Cases/Onliner" time="58.283" classname="Test Cases/Onliner" status="PASSED">
         <system-out><![CDATA[2021-07-06 16:47:25 - [TEST_CASE][PASSED] - Test Cases/Onliner: Test Cases/Onliner

2021-07-06 16:47:25 - [TEST_STEP][PASSED] - Start setup action : setupTestCase: Method 'setupTestCase' complete successfully

2021-07-06 16:47:25 - [TEST_STEP][PASSED] - openBrowser(""): Browser is opened with url: ''

2021-07-06 16:47:26 - [MESSAGE][INFO] - Starting 'Chrome' driver

2021-07-06 16:47:26 - [MESSAGE][INFO] - Action delay is set to 0 milliseconds

2021-07-06 16:47:27 - [MESSAGE][PASSED] - Browser is opened with url: ''

2021-07-06 16:47:27 - [TEST_STEP][PASSED] - maximizeWindow(): Current window maximized

2021-07-06 16:47:27 - [MESSAGE][PASSED] - Current window maximized

2021-07-06 16:47:27 - [MESSAGE][PASSED] - Method 'setupTestCase' complete successfully

2021-07-06 16:47:28 - [TEST_STEP][PASSED] - navigateToUrl(baseURL): Navigate to 'https://www.onliner.by/' successfully

2021-07-06 16:47:42 - [MESSAGE][PASSED] - Navigate to 'https://www.onliner.by/' successfully

2021-07-06 16:47:42 - [TEST_STEP][PASSED] - click(findTestObject("Page_Onliner/HomePage/catalogMenuButton")): Object: 'Object Repository/Page_Onliner/HomePage/catalogMenuButton' is clicked on

2021-07-06 16:47:49 - [MESSAGE][PASSED] - Object: 'Object Repository/Page_Onliner/HomePage/catalogMenuButton' is clicked on

2021-07-06 16:47:49 - [TEST_STEP][PASSED] - click(findTestObject("Page_Onliner/CatalogPage/electronicsMenuButton")): Object: 'Object Repository/Page_Onliner/CatalogPage/electronicsMenuButton' is clicked on

2021-07-06 16:47:49 - [MESSAGE][PASSED] - Object: 'Object Repository/Page_Onliner/CatalogPage/electronicsMenuButton' is clicked on

2021-07-06 16:47:49 - [TEST_STEP][PASSED] - mouseOver(findTestObject("Page_Onliner/CatalogPage/tvVideoButton")): Object: 'Object Repository/Page_Onliner/CatalogPage/tvVideoButton' is hovered

2021-07-06 16:47:50 - [MESSAGE][PASSED] - Object: 'Object Repository/Page_Onliner/CatalogPage/tvVideoButton' is hovered

2021-07-06 16:47:50 - [TEST_STEP][PASSED] - click(findTestObject("Page_Onliner/CatalogPage/televisionsMenuButton")): Object: 'Object Repository/Page_Onliner/CatalogPage/televisionsMenuButton' is clicked on

2021-07-06 16:48:18 - [MESSAGE][PASSED] - Object: 'Object Repository/Page_Onliner/CatalogPage/televisionsMenuButton' is clicked on

2021-07-06 16:48:18 - [TEST_STEP][PASSED] - click(findTestObject("Page_Onliner/CatalogPage/samsungItem")): Object: 'Object Repository/Page_Onliner/CatalogPage/samsungItem' is clicked on

2021-07-06 16:48:20 - [MESSAGE][PASSED] - Object: 'Object Repository/Page_Onliner/CatalogPage/samsungItem' is clicked on

2021-07-06 16:48:20 - [TEST_STEP][PASSED] - onliner.NumberElements.checkNumberElements(productsPerPage): onliner.NumberElements.checkNumberElements is PASSED

2021-07-06 16:48:22 - [MESSAGE][PASSED] - onliner.NumberElements.checkNumberElements is PASSED

2021-07-06 16:48:22 - [TEST_STEP][PASSED] - onliner.ProductsName.checkProductsName(samsung): onliner.ProductsName.checkProductsName is PASSED

2021-07-06 16:48:23 - [MESSAGE][PASSED] - onliner.ProductsName.checkProductsName is PASSED

2021-07-06 16:48:23 - [TEST_STEP][PASSED] - Start tear down : tearDownTestCase: Method 'tearDownTestCase' complete successfully

2021-07-06 16:48:23 - [TEST_STEP][PASSED] - closeBrowser(): Browser is closed

2021-07-06 16:48:23 - [MESSAGE][PASSED] - Browser is closed

2021-07-06 16:48:23 - [MESSAGE][PASSED] - Method 'tearDownTestCase' complete successfully]]></system-out>
         <system-err><![CDATA[]]></system-err>
      </testcase>
      <system-out><![CDATA[2021-07-06 16:47:25 - [TEST_SUITE][PASSED] - Smoke: Test Cases/Onliner]]></system-out>
      <system-err><![CDATA[]]></system-err>
   </testsuite>
</testsuites>
